<?xml version="1.0" encoding="UTF-8"?>
<testng-results ignored="0" total="2" passed="1" failed="1" skipped="0">
  <reporter-output>
  </reporter-output>
  <suite started-at="2022-02-07T18:05:07 EST" name="Default suite" finished-at="2022-02-07T18:05:32 EST" duration-ms="24262">
    <groups>
    </groups>
    <test started-at="2022-02-07T18:05:07 EST" name="Default test" finished-at="2022-02-07T18:05:32 EST" duration-ms="24262">
      <class name="com.salesforce.test.usermenu.UserMenuTest">
        <test-method is-config="true" signature="setUp()[pri:0, instance:com.salesforce.test.usermenu.UserMenuTest@6d4e5011]" started-at="2022-02-07T18:05:07 EST" name="setUp" finished-at="2022-02-07T18:05:07 EST" duration-ms="210" status="PASS">
          <reporter-output>
          </reporter-output>
        </test-method> <!-- setUp -->
        <test-method is-config="true" signature="initialSetUp(java.lang.String,java.lang.reflect.Method)[pri:0, instance:com.salesforce.test.usermenu.UserMenuTest@6d4e5011]" started-at="2022-02-07T18:05:07 EST" name="initialSetUp" finished-at="2022-02-07T18:05:14 EST" duration-ms="6570" status="PASS">
          <params>
            <param index="0">
              <value>
                <![CDATA[chrome]]>
              </value>
            </param>
            <param index="1">
              <value>
                <![CDATA[public void com.salesforce.test.usermenu.UserMenuTest.clickLogoutMenuTest()]]>
              </value>
            </param>
          </params>
          <reporter-output>
          </reporter-output>
        </test-method> <!-- initialSetUp -->
        <test-method is-config="true" signature="launchHomePage()[pri:0, instance:com.salesforce.test.usermenu.UserMenuTest@6d4e5011]" started-at="2022-02-07T18:05:14 EST" name="launchHomePage" finished-at="2022-02-07T18:05:15 EST" duration-ms="1158" status="PASS">
          <reporter-output>
          </reporter-output>
        </test-method> <!-- launchHomePage -->
        <test-method signature="clickLogoutMenuTest()[pri:0, instance:com.salesforce.test.usermenu.UserMenuTest@6d4e5011]" started-at="2022-02-07T18:05:15 EST" name="clickLogoutMenuTest" finished-at="2022-02-07T18:05:19 EST" duration-ms="3345" status="FAIL">
          <exception class="java.lang.AssertionError">
            <message>
              <![CDATA[expected [https://whitebox21-dev-ed.my.salesforce.com/secur/logout.jsp] but found [https://whitebox2-dev-ed.my.salesforce.com/secur/logout.jsp]]]>
            </message>
            <full-stacktrace>
              <![CDATA[java.lang.AssertionError: expected [https://whitebox21-dev-ed.my.salesforce.com/secur/logout.jsp] but found [https://whitebox2-dev-ed.my.salesforce.com/secur/logout.jsp]
at org.testng.Assert.fail(Assert.java:99)
at org.testng.Assert.failNotEquals(Assert.java:1037)
at org.testng.Assert.assertEqualsImpl(Assert.java:140)
at org.testng.Assert.assertEquals(Assert.java:122)
at org.testng.Assert.assertEquals(Assert.java:629)
at org.testng.Assert.assertEquals(Assert.java:639)
at com.salesforce.test.usermenu.UserMenuTest.clickLogoutMenuTest(UserMenuTest.java:43)
at java.base/jdk.internal.reflect.NativeMethodAccessorImpl.invoke0(Native Method)
at java.base/jdk.internal.reflect.NativeMethodAccessorImpl.invoke(NativeMethodAccessorImpl.java:77)
at java.base/jdk.internal.reflect.DelegatingMethodAccessorImpl.invoke(DelegatingMethodAccessorImpl.java:43)
at java.base/java.lang.reflect.Method.invoke(Method.java:568)
at org.testng.internal.MethodInvocationHelper.invokeMethod(MethodInvocationHelper.java:133)
at org.testng.internal.TestInvoker.invokeMethod(TestInvoker.java:598)
at org.testng.internal.TestInvoker.invokeTestMethod(TestInvoker.java:173)
at org.testng.internal.MethodRunner.runInSequence(MethodRunner.java:46)
at org.testng.internal.TestInvoker$MethodInvocationAgent.invoke(TestInvoker.java:824)
at org.testng.internal.TestInvoker.invokeTestMethods(TestInvoker.java:146)
at org.testng.internal.TestMethodWorker.invokeTestMethods(TestMethodWorker.java:146)
at org.testng.internal.TestMethodWorker.run(TestMethodWorker.java:128)
at java.base/java.util.ArrayList.forEach(ArrayList.java:1511)
at org.testng.TestRunner.privateRun(TestRunner.java:794)
at org.testng.TestRunner.run(TestRunner.java:596)
at org.testng.SuiteRunner.runTest(SuiteRunner.java:377)
at org.testng.SuiteRunner.runSequentially(SuiteRunner.java:371)
at org.testng.SuiteRunner.privateRun(SuiteRunner.java:332)
at org.testng.SuiteRunner.run(SuiteRunner.java:276)
at org.testng.SuiteRunnerWorker.runSuite(SuiteRunnerWorker.java:53)
at org.testng.SuiteRunnerWorker.run(SuiteRunnerWorker.java:96)
at org.testng.TestNG.runSuitesSequentially(TestNG.java:1212)
at org.testng.TestNG.runSuitesLocally(TestNG.java:1134)
at org.testng.TestNG.runSuites(TestNG.java:1063)
at org.testng.TestNG.run(TestNG.java:1031)
at org.testng.remote.AbstractRemoteTestNG.run(AbstractRemoteTestNG.java:115)
at org.testng.remote.RemoteTestNG.initAndRun(RemoteTestNG.java:251)
at org.testng.remote.RemoteTestNG.main(RemoteTestNG.java:77)
]]>
            </full-stacktrace>
          </exception> <!-- java.lang.AssertionError -->
          <reporter-output>
          </reporter-output>
        </test-method> <!-- clickLogoutMenuTest -->
        <test-method is-config="true" signature="tearDown(org.testng.ITestResult)[pri:0, instance:com.salesforce.test.usermenu.UserMenuTest@6d4e5011]" started-at="2022-02-07T18:05:19 EST" name="tearDown" finished-at="2022-02-07T18:05:19 EST" duration-ms="900" status="PASS">
          <params>
            <param index="0">
              <value>
                <![CDATA[[TestResult name=clickLogoutMenuTest status=FAILURE method=UserMenuTest.clickLogoutMenuTest()[pri:0, instance:com.salesforce.test.usermenu.UserMenuTest@6d4e5011] output={null}]]]>
              </value>
            </param>
          </params>
          <reporter-output>
          </reporter-output>
        </test-method> <!-- tearDown -->
        <test-method is-config="true" signature="initialSetUp(java.lang.String,java.lang.reflect.Method)[pri:0, instance:com.salesforce.test.usermenu.UserMenuTest@6d4e5011]" started-at="2022-02-07T18:05:19 EST" name="initialSetUp" finished-at="2022-02-07T18:05:24 EST" duration-ms="4108" status="PASS">
          <params>
            <param index="0">
              <value>
                <![CDATA[chrome]]>
              </value>
            </param>
            <param index="1">
              <value>
                <![CDATA[public void com.salesforce.test.usermenu.UserMenuTest.userNavigationTest()]]>
              </value>
            </param>
          </params>
          <reporter-output>
          </reporter-output>
        </test-method> <!-- initialSetUp -->
        <test-method is-config="true" signature="launchHomePage()[pri:0, instance:com.salesforce.test.usermenu.UserMenuTest@6d4e5011]" started-at="2022-02-07T18:05:24 EST" name="launchHomePage" finished-at="2022-02-07T18:05:26 EST" duration-ms="1981" status="PASS">
          <reporter-output>
          </reporter-output>
        </test-method> <!-- launchHomePage -->
        <test-method signature="userNavigationTest()[pri:0, instance:com.salesforce.test.usermenu.UserMenuTest@6d4e5011]" started-at="2022-02-07T18:05:26 EST" name="userNavigationTest" finished-at="2022-02-07T18:05:31 EST" duration-ms="4967" status="PASS">
          <reporter-output>
          </reporter-output>
        </test-method> <!-- userNavigationTest -->
        <test-method is-config="true" signature="tearDown(org.testng.ITestResult)[pri:0, instance:com.salesforce.test.usermenu.UserMenuTest@6d4e5011]" started-at="2022-02-07T18:05:31 EST" name="tearDown" finished-at="2022-02-07T18:05:31 EST" duration-ms="678" status="PASS">
          <params>
            <param index="0">
              <value>
                <![CDATA[[TestResult name=userNavigationTest status=SUCCESS method=UserMenuTest.userNavigationTest()[pri:0, instance:com.salesforce.test.usermenu.UserMenuTest@6d4e5011] output={null}]]]>
              </value>
            </param>
          </params>
          <reporter-output>
          </reporter-output>
        </test-method> <!-- tearDown -->
        <test-method is-config="true" signature="endUp()[pri:0, instance:com.salesforce.test.usermenu.UserMenuTest@6d4e5011]" started-at="2022-02-07T18:05:31 EST" name="endUp" finished-at="2022-02-07T18:05:32 EST" duration-ms="300" status="PASS">
          <reporter-output>
          </reporter-output>
        </test-method> <!-- endUp -->
      </class> <!-- com.salesforce.test.usermenu.UserMenuTest -->
    </test> <!-- Default test -->
  </suite> <!-- Default suite -->
</testng-results>
